<?xml version="1.0" encoding="UTF-8"?>
<testsuite name="com.harman.lms.LibraryManagementSystemApplicationTests" tests="1" skipped="0" failures="0" errors="0" timestamp="2020-07-31T05:41:54" hostname="administrator-ThinkPad-T580" time="0.099">
  <properties/>
  <testcase name="contextLoads()" classname="com.harman.lms.LibraryManagementSystemApplicationTests" time="0.099"/>
  <system-out><![CDATA[
  .   ____          _            __ _ _
 /\\ / ___'_ __ _ _(_)_ __  __ _ \ \ \ \
( ( )\___ | '_ | '_| | '_ \/ _` | \ \ \ \
 \\/  ___)| |_)| | | | | || (_| |  ) ) ) )
  '  |____| .__|_| |_|_| |_\__, | / / / /
 =========|_|==============|___/=/_/_/_/
 :: Spring Boot ::        (v2.2.8.RELEASE)

]]></system-out>
  <system-err><![CDATA[log4j:WARN No appenders could be found for logger (org.springframework.test.context.BootstrapUtils).
log4j:WARN Please initialize the log4j system properly.
log4j:WARN See http://logging.apache.org/log4j/1.2/faq.html#noconfig for more info.
]]></system-err>
</testsuite>
